187 Italian
196 English
55 Italian
268 Italian
231 English
269 English
214 Italian
113 English
39 French
48 Italian
152 English
155 Italian
66 French
225 Italian
249 English
101 French
293 French
63 English
264 French
105 French
41 Italian
230 English
219 French
6 English
110 French
140 English
263 Italian
120 Italian
28 English
107 French
116 English
202 French
191 French
207 English
213 French
47 French
246 Italian
87 English
197 French
274 English
287 English
73 English
236 English
276 French
51 English
212 French
253 English
255 English
261 Italian
290 Italian
267 French
203 English
234 Italian
104 English
26 English
265 English
210 French
17 French
97 Italian
239 English
146 French
65 Italian
85 Italian
248 Italian
98 Italian
131 French
2 English
86 English
220 English
59 French
37 French
165 English
40 Italian
194 English
125 English
164 French
163 English
166 English
171 Italian
224 English
281 English
256 English
176 French
90 French
76 English
135 Italian
262 Italian
88 English
53 Italian
147 French
150 French
186 Italian
181 Italian
278 English
153 English
8 English
189 French
241 French
259 Italian
151 Italian
45 French
78 Italian
283 French
157 French
129 French
58 English
64 Italian
240 French
72 Italian
111 French
10 French
25 Italian
174 English
277 Italian
21 Italian
102 Italian
24 French
180 English
108 French
235 French
289 Italian
91 Italian
251 English
43 Italian
167 French
123 English
16 English
130 Italian
178 English
33 English
128 English
67 French
57 Italian
38 English
36 Italian
292 French
200 Italian
158 French
62 French
182 French
185 French
71 English
92 English
286 French
198 French
44 Italian
80 Italian
70 Italian
1 Italian
149 Italian
252 French
275 Italian
296 French
183 French
89 English
244 Italian
106 French
68 English
27 English
124 English
99 French
95 Italian
243 English
258 Italian
54 Italian
82 English
242 Italian
133 French
100 English
193 French
4 French
61 Italian
93 French
159 Italian
247 Italian
172 Italian
60 French
192 English
227 Italian
9 French
132 French
139 French
218 French
50 Italian
232 Italian
237 English
114 English
20 English
179 French
3 Italian
52 Italian
122 Italian
226 Italian
238 Italian
143 English
206 English
115 French
13 English
190 Italian
211 Italian
112 French
118 Italian
138 French
69 Italian
81 Italian
126 French
209 English
297 Italian
260 English
144 French
29 English
42 French
188 French
285 French
229 Italian
96 Italian
32 English
103 English
15 French
5 French
280 French
11 English
291 French
141 French
284 Italian
127 Italian
154 French
282 English
215 English
56 Italian
279 French
201 English
177 Italian
34 French
49 French
77 English
199 Italian
208 French
119 Italian
109 French
195 French
295 French
228 French
250 English
134 English
23 Italian
46 Italian
94 English
170 English
142 English
221 French
254 Italian
75 English
204 Italian
162 English
223 Italian
273 English
121 Italian
233 English
173 French
270 French
222 English
294 Italian
35 French
257 Italian
217 Italian
288 French
14 English
18 French
30 English
117 Italian
272 French
266 French
7 English
19 Italian
83 Italian
148 Italian
31 English
137 English
160 French
169 Italian
145 Italian
175 Italian
184 Italian
216 English
136 French
245 English
79 Italian
161 French
299 French
168 Italian
205 French
271 English
298 Italian
84 English
156 English
12 Italian
74 English
298 Correct out of 300 lines
0.9933333333333333 probability