101 French
190 Italian
241 French
267 French
10 French
247 Italian
183 French
282 English
284 Italian
96 Italian
268 Italian
22 French
48 Italian
114 English
163 English
33 English
154 French
156 English
159 Italian
217 Italian
219 French
245 English
279 French
66 French
116 English
182 French
292 French
32 English
71 English
26 English
81 Italian
84 English
240 French
90 French
104 English
57 Italian
41 Italian
1 Italian
133 French
197 French
221 French
238 Italian
239 English
115 French
40 Italian
25 Italian
150 French
176 French
262 Italian
295 French
147 French
59 French
144 French
151 Italian
263 Italian
177 Italian
206 English
86 English
171 Italian
261 Italian
58 English
283 French
246 Italian
202 French
83 Italian
47 French
34 French
14 English
275 Italian
118 Italian
205 French
46 Italian
208 French
287 English
281 English
215 English
20 English
2 English
63 English
158 French
266 French
18 French
157 French
232 Italian
226 Italian
298 Italian
69 Italian
77 English
42 French
222 English
16 English
142 English
19 Italian
180 English
199 Italian
299 French
3 Italian
102 Italian
209 English
293 French
61 Italian
252 French
123 English
64 Italian
140 English
17 French
43 Italian
160 French
38 English
56 Italian
198 French
119 Italian
70 Italian
152 English
141 French
166 English
53 Italian
139 French
37 French
120 Italian
135 Italian
216 English
138 French
6 English
52 Italian
80 Italian
74 English
45 French
290 Italian
255 English
264 French
286 French
29 English
146 French
73 English
113 English
187 Italian
188 French
124 English
88 English
106 French
161 French
185 French
225 Italian
233 English
229 Italian
243 English
108 French
112 French
244 Italian
235 French
54 Italian
175 Italian
250 English
276 French
178 English
93 French
291 French
97 Italian
31 English
170 English
186 Italian
98 Italian
234 Italian
251 English
27 English
110 French
168 Italian
211 Italian
174 English
253 English
129 French
121 Italian
130 Italian
72 Italian
189 French
192 English
210 French
212 French
249 English
117 Italian
277 Italian
191 French
126 French
228 French
9 French
173 French
128 English
179 French
103 English
35 French
68 English
227 Italian
230 English
24 French
5 French
132 French
39 French
270 French
288 French
231 English
8 English
257 Italian
289 Italian
49 French
193 French
271 English
85 Italian
169 Italian
122 Italian
236 English
294 Italian
13 English
100 English
75 English
172 Italian
274 English
194 English
278 English
195 French
21 Italian
200 Italian
272 French
218 French
28 English
300 English
4 French
67 French
12 Italian
94 English
131 French
164 French
248 Italian
203 English
76 English
82 English
254 Italian
269 English
285 French
60 French
296 French
7 English
79 Italian
62 French
99 French
297 Italian
95 Italian
109 French
223 Italian
265 English
256 English
125 English
214 Italian
134 English
153 English
55 Italian
220 English
23 Italian
259 Italian
111 French
167 French
15 French
165 English
258 Italian
237 English
91 Italian
107 French
273 English
149 Italian
213 French
207 English
148 Italian
181 Italian
137 English
30 English
162 English
242 Italian
280 French
78 Italian
36 Italian
11 English
136 French
224 English
89 English
65 Italian
143 English
50 Italian
155 Italian
145 Italian
196 English
201 English
127 Italian
51 English
184 Italian
105 French
260 English
204 Italian
297 Correct out of 300 lines
0.99 probability