55 Italian
46 Italian
234 Italian
45 French
146 French
191 French
237 English
263 Italian
283 French
230 English
295 French
178 English
300 English
15 French
12 Italian
79 Italian
43 Italian
232 Italian
248 Italian
225 Italian
296 French
227 Italian
216 English
33 English
153 English
192 English
211 Italian
150 French
27 English
78 Italian
170 English
297 Italian
206 English
251 English
85 Italian
169 Italian
18 French
235 French
130 Italian
59 French
193 French
28 English
118 Italian
47 French
174 English
281 English
285 French
84 English
99 French
294 Italian
74 English
199 Italian
246 Italian
31 English
19 Italian
110 French
197 French
123 English
186 Italian
217 Italian
137 English
9 French
160 French
291 French
38 English
72 Italian
121 Italian
1 Italian
233 English
290 Italian
208 French
92 English
62 French
23 Italian
93 French
91 Italian
139 French
54 Italian
125 English
287 English
24 French
155 Italian
29 English
105 French
35 French
141 French
63 English
8 English
107 French
7 English
148 Italian
157 French
226 Italian
96 Italian
25 Italian
298 Italian
215 English
21 Italian
289 Italian
71 English
103 English
4 French
276 French
194 English
279 French
102 Italian
245 English
143 English
262 Italian
205 French
108 French
138 French
164 French
51 English
168 Italian
190 Italian
280 French
39 French
82 English
288 French
176 French
109 French
204 Italian
267 French
166 English
284 Italian
253 English
81 Italian
133 French
278 English
36 Italian
129 French
198 French
179 French
256 English
265 English
286 French
86 English
224 English
177 Italian
64 Italian
49 French
145 Italian
162 English
167 French
60 French
76 English
270 French
299 French
70 Italian
89 English
57 Italian
5 French
231 English
252 French
242 Italian
40 Italian
17 French
187 Italian
158 French
126 French
213 French
112 French
219 French
68 English
223 Italian
241 French
293 French
11 English
188 French
266 French
173 French
30 English
66 French
254 Italian
95 Italian
189 French
106 French
238 Italian
58 English
136 French
20 English
115 French
147 French
271 English
201 English
140 English
100 English
65 Italian
277 Italian
161 French
220 English
218 French
13 English
75 English
259 Italian
200 Italian
88 English
119 Italian
275 Italian
247 Italian
104 English
239 English
156 English
87 English
214 Italian
228 French
52 Italian
180 English
221 French
69 Italian
142 English
61 Italian
196 English
236 English
261 Italian
272 French
182 French
101 French
37 French
111 French
195 French
56 Italian
202 French
207 English
250 English
128 English
2 English
268 Italian
151 Italian
260 English
131 French
181 Italian
292 French
34 French
98 Italian
124 English
135 Italian
212 French
229 Italian
16 English
127 Italian
240 French
249 English
264 French
273 English
255 English
282 English
14 English
159 Italian
116 English
175 Italian
32 English
94 English
154 French
44 Italian
258 Italian
243 English
41 Italian
222 English
149 Italian
3 Italian
244 Italian
83 Italian
144 French
48 Italian
120 Italian
53 Italian
203 English
185 French
80 Italian
97 Italian
113 English
171 Italian
77 English
184 Italian
132 French
183 French
257 Italian
269 English
172 Italian
6 English
26 English
42 French
73 English
117 Italian
10 French
134 English
209 English
122 Italian
152 English
114 English
50 Italian
90 French
165 English
67 French
210 French
163 English
274 English
299 Correct out of 300 lines
0.9966666666666667 probability