30 English
219 French
257 Italian
135 Italian
147 French
187 Italian
281 English
243 English
149 Italian
233 English
46 Italian
66 French
129 French
159 Italian
247 Italian
113 English
154 French
221 French
63 English
238 Italian
110 French
227 Italian
249 English
256 English
223 Italian
209 English
143 English
128 English
42 French
16 English
188 French
261 Italian
77 English
230 English
278 English
124 English
12 Italian
232 Italian
214 Italian
109 French
38 English
220 English
218 French
282 English
1 Italian
67 French
168 Italian
197 French
171 Italian
5 French
291 French
277 Italian
65 Italian
93 French
153 English
37 French
198 French
47 French
85 Italian
91 Italian
204 Italian
290 Italian
200 Italian
248 Italian
258 Italian
157 French
186 Italian
3 Italian
146 French
50 Italian
130 Italian
174 English
235 French
152 English
222 English
17 French
127 Italian
245 English
250 English
259 Italian
34 French
125 English
41 Italian
255 English
78 Italian
132 French
74 English
165 English
11 English
237 English
8 English
88 English
103 English
229 Italian
164 French
121 Italian
9 French
10 French
108 French
52 Italian
141 French
22 French
15 French
138 French
98 Italian
206 English
190 Italian
252 French
176 French
55 Italian
175 Italian
137 English
275 Italian
64 Italian
241 French
36 Italian
69 Italian
163 English
144 French
289 Italian
75 English
183 French
105 French
131 French
205 French
13 English
112 French
267 French
27 English
285 French
95 Italian
18 French
70 Italian
7 English
100 English
102 Italian
292 French
181 Italian
114 English
231 English
59 French
117 Italian
19 Italian
150 French
58 English
73 English
68 English
82 English
251 English
4 French
167 French
195 French
160 French
83 Italian
162 English
265 English
293 French
276 French
179 French
203 English
80 Italian
54 Italian
212 French
236 English
94 English
264 French
71 English
180 English
295 French
61 Italian
56 Italian
72 Italian
28 English
134 English
106 French
284 Italian
120 Italian
178 English
115 French
142 English
76 English
92 English
90 French
104 English
172 Italian
196 English
283 French
177 Italian
228 French
119 Italian
246 Italian
14 English
207 English
51 English
260 English
296 French
217 Italian
239 English
79 Italian
298 Italian
192 English
266 French
173 French
84 English
107 French
133 French
182 French
33 English
273 English
170 English
96 Italian
191 French
136 French
99 French
6 English
210 French
254 Italian
25 Italian
49 French
62 French
39 French
140 English
57 Italian
40 Italian
81 Italian
26 English
86 English
101 French
122 Italian
139 French
32 English
208 French
53 Italian
60 French
253 English
31 English
23 Italian
299 French
24 French
116 English
225 Italian
123 English
213 French
166 English
48 Italian
216 English
185 French
35 French
89 English
193 French
202 French
263 Italian
224 English
194 English
45 French
148 Italian
118 Italian
201 English
211 Italian
271 English
155 Italian
184 Italian
2 English
126 French
272 French
43 Italian
21 Italian
269 English
169 Italian
294 Italian
226 Italian
280 French
29 English
156 English
240 French
242 Italian
268 Italian
87 English
287 English
20 English
111 French
288 French
274 English
286 French
215 English
270 French
199 Italian
151 Italian
279 French
158 French
234 Italian
145 Italian
189 French
293 Correct out of 300 lines
0.9766666666666667 probability